<?xml version="1.0" encoding="UTF-8"?>
<!-- Generated by org.testng.reporters.JUnitXMLReporter -->
<testsuite hostname="LHTU05CG4472DYW" ignored="0" name="CustomerTest" tests="2" failures="0" timestamp="2019-12-30T19:23:21 IST" time="61.176" errors="0">
  <testcase name="newCustomerTest" time="19.318" classname="com.internetBanking.testcases.NewCustomerTest"/>
  <testcase name="newCustomerTest" time="13.485" classname="com.internetBanking.testcases.EditCustomerTest"/>
</testsuite> <!-- CustomerTest -->
