<?xml version="1.0" encoding="UTF-8"?>
<!-- Generated by org.testng.reporters.JUnitXMLReporter -->
<testsuite hostname="LHTU05CG4472DYW" ignored="0" name="LoginTest" tests="8" failures="2" timestamp="2019-12-30T19:28:41 IST" time="123.321" errors="0">
  <testcase name="loginTest" time="3.321" classname="com.internetBanking.testcases.LoginTest"/>
  <testcase name="logindataproviderTest" time="4.485" classname="com.internetBanking.testcases.LoginTestDataDrivenTest">
    <failure type="java.lang.AssertionError" message="Title is mismatched expected [Guru99 Bank Manager HomePage] but found [Guru99 Bank Home Page]">
      <![CDATA[java.lang.AssertionError: Title is mismatched expected [Guru99 Bank Manager HomePage] but found [Guru99 Bank Home Page]
at com.internetBanking.testcases.LoginTestDataDrivenTest.logindataproviderTest(LoginTestDataDrivenTest.java:55)
at java.util.ArrayList.forEach(Unknown Source)
... Removed 31 stack frames]]>
    </failure>
  </testcase> <!-- logindataproviderTest -->
  <testcase name="logindataproviderTest" time="4.322" classname="com.internetBanking.testcases.LoginTestDataDrivenTest"/>
  <testcase name="logindataproviderTest" time="6.902" classname="com.internetBanking.testcases.LoginTestDataDrivenTest"/>
  <testcase name="logindataproviderTest" time="3.942" classname="com.internetBanking.testcases.LoginTestDataDrivenTest">
    <failure type="java.lang.AssertionError" message="Title is mismatched expected [Guru99 Bank Manager HomePage] but found [Guru99 Bank Home Page]">
      <![CDATA[java.lang.AssertionError: Title is mismatched expected [Guru99 Bank Manager HomePage] but found [Guru99 Bank Home Page]
at com.internetBanking.testcases.LoginTestDataDrivenTest.logindataproviderTest(LoginTestDataDrivenTest.java:55)
at java.util.ArrayList.forEach(Unknown Source)
... Removed 31 stack frames]]>
    </failure>
  </testcase> <!-- logindataproviderTest -->
  <testcase name="logindataproviderTest" time="3.191" classname="com.internetBanking.testcases.LoginTestDataDrivenTest"/>
  <testcase name="newCustomerTest" time="20.136" classname="com.internetBanking.testcases.NewCustomerTest"/>
  <testcase name="newCustomerTest" time="17.585" classname="com.internetBanking.testcases.EditCustomerTest"/>
</testsuite> <!-- LoginTest -->
