<?xml version="1.0" encoding="UTF-8"?>
<!-- Generated by org.testng.reporters.JUnitXMLReporter -->
<testsuite hostname="LHTU05CG4472DYW" ignored="0" name="Test" tests="7" failures="3" timestamp="2019-12-28T15:23:26 IST" time="263.026" errors="0">
  <testcase name="loginTest" time="2.676" classname="com.internetBanking.testcases.LoginTest">
    <failure type="java.lang.AssertionError" message="Title is mismatched expected [Guru99 Bank Manager HomePage] but found [Guru99 Bank Home Page]">
      <![CDATA[java.lang.AssertionError: Title is mismatched expected [Guru99 Bank Manager HomePage] but found [Guru99 Bank Home Page]
at com.internetBanking.testcases.LoginTest.loginTest(LoginTest.java:54)
at java.util.ArrayList.forEach(Unknown Source)
... Removed 31 stack frames]]>
    </failure>
  </testcase> <!-- loginTest -->
  <testcase name="logindataproviderTest" time="4.186" classname="com.internetBanking.testcases.LoginTestDataDrivenTest">
    <failure type="java.lang.AssertionError" message="Title is mismatched expected [Guru99 Bank Manager HomePage] but found [Guru99 Bank Home Page]">
      <![CDATA[java.lang.AssertionError: Title is mismatched expected [Guru99 Bank Manager HomePage] but found [Guru99 Bank Home Page]
at com.internetBanking.testcases.LoginTestDataDrivenTest.logindataproviderTest(LoginTestDataDrivenTest.java:53)
at java.util.ArrayList.forEach(Unknown Source)
... Removed 31 stack frames]]>
    </failure>
  </testcase> <!-- logindataproviderTest -->
  <testcase name="logindataproviderTest" time="5.649" classname="com.internetBanking.testcases.LoginTestDataDrivenTest"/>
  <testcase name="logindataproviderTest" time="19.866" classname="com.internetBanking.testcases.LoginTestDataDrivenTest"/>
  <testcase name="logindataproviderTest" time="17.886" classname="com.internetBanking.testcases.LoginTestDataDrivenTest">
    <failure type="java.lang.AssertionError" message="Title is mismatched expected [Guru99 Bank Manager HomePage] but found [Guru99 Bank Home Page]">
      <![CDATA[java.lang.AssertionError: Title is mismatched expected [Guru99 Bank Manager HomePage] but found [Guru99 Bank Home Page]
at com.internetBanking.testcases.LoginTestDataDrivenTest.logindataproviderTest(LoginTestDataDrivenTest.java:53)
at java.util.ArrayList.forEach(Unknown Source)
... Removed 31 stack frames]]>
    </failure>
  </testcase> <!-- logindataproviderTest -->
  <testcase name="logindataproviderTest" time="6.065" classname="com.internetBanking.testcases.LoginTestDataDrivenTest"/>
  <testcase name="newCustomerTest" time="164.395" classname="com.internetBanking.testcases.NewCustomerTest"/>
</testsuite> <!-- Test -->
