<?xml version="1.0" encoding="UTF-8"?>
<!-- Generated by org.testng.reporters.JUnitXMLReporter -->
<testsuite hostname="LHTU05CG4472DYW" ignored="0" name="Test" tests="1" failures="1" timestamp="2019-12-30T19:41:28 IST" time="32.929" errors="0">
  <testcase name="combineNewEditTest" time="16.939" classname="com.internetBanking.testcases.NewEditCustomer">
    <failure type="java.lang.NullPointerException">
      <![CDATA[java.lang.NullPointerException
at com.internetBanking.testcases.NewEditCustomer.combineNewEditTest(NewEditCustomer.java:92)
at java.util.ArrayList.forEach(Unknown Source)
... Removed 27 stack frames]]>
    </failure>
  </testcase> <!-- combineNewEditTest -->
</testsuite> <!-- Test -->
