<?xml version="1.0" encoding="UTF-8"?>
<!-- Generated by org.testng.reporters.JUnitXMLReporter -->
<testsuite ignored="0" hostname="Pavithra-PC" failures="2" tests="7" name="Test" time="308.116" errors="0" timestamp="2019-12-29T22:16:38 IST">
  <testcase classname="com.internetBanking.testcases.LoginTest" name="loginTest" time="50.953"/>
  <testcase classname="com.internetBanking.testcases.LoginTestDataDrivenTest" name="logindataproviderTest" time="20.696">
    <failure type="java.lang.AssertionError" message="Title is mismatched expected [Guru99 Bank Manager HomePage] but found [Guru99 Bank Home Page]">
      <![CDATA[java.lang.AssertionError: Title is mismatched expected [Guru99 Bank Manager HomePage] but found [Guru99 Bank Home Page]
at com.internetBanking.testcases.LoginTestDataDrivenTest.logindataproviderTest(LoginTestDataDrivenTest.java:53)
at java.base/java.util.ArrayList.forEach(ArrayList.java:1540)
... Removed 35 stack frames]]>
    </failure>
  </testcase> <!-- logindataproviderTest -->
  <testcase classname="com.internetBanking.testcases.LoginTestDataDrivenTest" name="logindataproviderTest" time="7.587"/>
  <testcase classname="com.internetBanking.testcases.LoginTestDataDrivenTest" name="logindataproviderTest" time="4.485"/>
  <testcase classname="com.internetBanking.testcases.LoginTestDataDrivenTest" name="logindataproviderTest" time="4.256">
    <failure type="java.lang.AssertionError" message="Title is mismatched expected [Guru99 Bank Manager HomePage] but found [Guru99 Bank Home Page]">
      <![CDATA[java.lang.AssertionError: Title is mismatched expected [Guru99 Bank Manager HomePage] but found [Guru99 Bank Home Page]
at com.internetBanking.testcases.LoginTestDataDrivenTest.logindataproviderTest(LoginTestDataDrivenTest.java:53)
at java.base/java.util.ArrayList.forEach(ArrayList.java:1540)
... Removed 35 stack frames]]>
    </failure>
  </testcase> <!-- logindataproviderTest -->
  <testcase classname="com.internetBanking.testcases.LoginTestDataDrivenTest" name="logindataproviderTest" time="4.148"/>
  <testcase classname="com.internetBanking.testcases.NewCustomerTest" name="newCustomerTest" time="61.235"/>
</testsuite> <!-- Test -->
