<?xml version="1.0" encoding="UTF-8"?>
<!-- Generated by org.testng.reporters.JUnitXMLReporter -->
<testsuite ignored="0" hostname="Pavithra-PC" failures="2" tests="7" name="Test" time="185.017" errors="0" timestamp="2019-12-29T09:30:20 IST">
  <testcase classname="com.internetBanking.testcases.LoginTest" name="loginTest" time="24.125"/>
  <testcase classname="com.internetBanking.testcases.LoginTestDataDrivenTest" name="logindataproviderTest" time="5.691">
    <failure type="java.lang.AssertionError" message="Title is mismatched expected [Guru99 Bank Manager HomePage] but found [Guru99 Bank Home Page]">
      <![CDATA[java.lang.AssertionError: Title is mismatched expected [Guru99 Bank Manager HomePage] but found [Guru99 Bank Home Page]
at com.internetBanking.testcases.LoginTestDataDrivenTest.logindataproviderTest(LoginTestDataDrivenTest.java:53)
at java.base/java.util.ArrayList.forEach(ArrayList.java:1540)
... Removed 35 stack frames]]>
    </failure>
  </testcase> <!-- logindataproviderTest -->
  <testcase classname="com.internetBanking.testcases.LoginTestDataDrivenTest" name="logindataproviderTest" time="8.165"/>
  <testcase classname="com.internetBanking.testcases.LoginTestDataDrivenTest" name="logindataproviderTest" time="8.773"/>
  <testcase classname="com.internetBanking.testcases.LoginTestDataDrivenTest" name="logindataproviderTest" time="5.824">
    <failure type="java.lang.AssertionError" message="Title is mismatched expected [Guru99 Bank Manager HomePage] but found [Guru99 Bank Home Page]">
      <![CDATA[java.lang.AssertionError: Title is mismatched expected [Guru99 Bank Manager HomePage] but found [Guru99 Bank Home Page]
at com.internetBanking.testcases.LoginTestDataDrivenTest.logindataproviderTest(LoginTestDataDrivenTest.java:53)
at java.base/java.util.ArrayList.forEach(ArrayList.java:1540)
... Removed 35 stack frames]]>
    </failure>
  </testcase> <!-- logindataproviderTest -->
  <testcase classname="com.internetBanking.testcases.LoginTestDataDrivenTest" name="logindataproviderTest" time="5.398"/>
  <testcase classname="com.internetBanking.testcases.NewCustomerTest" name="newCustomerTest" time="30.676"/>
</testsuite> <!-- Test -->
