<?xml version="1.0" encoding="UTF-8"?>
<!-- Generated by org.testng.reporters.JUnitXMLReporter -->
<testsuite hostname="LHTU05CG4472DYW" ignored="0" name="Test(failed)" tests="3" failures="2" timestamp="2019-12-28T15:30:23 IST" time="230.96" errors="0">
  <testcase name="loginTest" time="135.914" classname="com.internetBanking.testcases.LoginTest"/>
  <testcase name="logindataproviderTest" time="8.882" classname="com.internetBanking.testcases.LoginTestDataDrivenTest">
    <failure type="java.lang.AssertionError" message="Title is mismatched expected [Guru99 Bank Manager HomePage] but found [Guru99 Bank Home Page]">
      <![CDATA[java.lang.AssertionError: Title is mismatched expected [Guru99 Bank Manager HomePage] but found [Guru99 Bank Home Page]
at com.internetBanking.testcases.LoginTestDataDrivenTest.logindataproviderTest(LoginTestDataDrivenTest.java:53)
at java.util.ArrayList.forEach(Unknown Source)
... Removed 31 stack frames]]>
    </failure>
  </testcase> <!-- logindataproviderTest -->
  <testcase name="logindataproviderTest" time="9.387" classname="com.internetBanking.testcases.LoginTestDataDrivenTest">
    <failure type="java.lang.AssertionError" message="Title is mismatched expected [Guru99 Bank Manager HomePage] but found [Guru99 Bank Home Page]">
      <![CDATA[java.lang.AssertionError: Title is mismatched expected [Guru99 Bank Manager HomePage] but found [Guru99 Bank Home Page]
at com.internetBanking.testcases.LoginTestDataDrivenTest.logindataproviderTest(LoginTestDataDrivenTest.java:53)
at java.util.ArrayList.forEach(Unknown Source)
... Removed 31 stack frames]]>
    </failure>
  </testcase> <!-- logindataproviderTest -->
</testsuite> <!-- Test(failed) -->
