<?xml version="1.0" encoding="UTF-8"?>
<testng-results skipped="0" failed="0" ignored="0" total="5" passed="5">
  <reporter-output>
  </reporter-output>
  <suite name="Suite" duration-ms="541585" started-at="2020-07-17T13:49:29 IST" finished-at="2020-07-17T13:58:31 IST">
    <groups>
    </groups>
    <test name="IDRSDownloadTest" duration-ms="541585" started-at="2020-07-17T13:49:29 IST" finished-at="2020-07-17T13:58:31 IST">
      <class name="com.internetBanking.testcases.IDRS_Download">
        <test-method status="PASS" signature="setUp()[pri:0, instance:com.internetBanking.testcases.IDRS_Download@2641e737]" name="setUp" is-config="true" duration-ms="91951" started-at="2020-07-17T13:49:29 IST" finished-at="2020-07-17T13:51:01 IST">
          <reporter-output>
          </reporter-output>
        </test-method> <!-- setUp -->
        <test-method status="PASS" signature="IDRSDownload(java.lang.String, java.lang.String)[pri:0, instance:com.internetBanking.testcases.IDRS_Download@2641e737]" name="IDRSDownload" duration-ms="97478" started-at="2020-07-17T13:51:06 IST" data-provider="LoginData" finished-at="2020-07-17T13:52:43 IST">
          <params>
            <param index="0">
              <value>
                <![CDATA[1]]>
              </value>
            </param>
            <param index="1">
              <value>
                <![CDATA[854201181590500]]>
              </value>
            </param>
          </params>
          <reporter-output>
          </reporter-output>
        </test-method> <!-- IDRSDownload -->
        <test-method status="PASS" signature="IDRSDownload(java.lang.String, java.lang.String)[pri:0, instance:com.internetBanking.testcases.IDRS_Download@2641e737]" name="IDRSDownload" duration-ms="59572" started-at="2020-07-17T13:52:43 IST" data-provider="LoginData" finished-at="2020-07-17T13:53:43 IST">
          <params>
            <param index="0">
              <value>
                <![CDATA[2]]>
              </value>
            </param>
            <param index="1">
              <value>
                <![CDATA[854201041600000]]>
              </value>
            </param>
          </params>
          <reporter-output>
          </reporter-output>
        </test-method> <!-- IDRSDownload -->
        <test-method status="PASS" signature="IDRSDownload(java.lang.String, java.lang.String)[pri:0, instance:com.internetBanking.testcases.IDRS_Download@2641e737]" name="IDRSDownload" duration-ms="59614" started-at="2020-07-17T13:53:43 IST" data-provider="LoginData" finished-at="2020-07-17T13:54:42 IST">
          <params>
            <param index="0">
              <value>
                <![CDATA[3]]>
              </value>
            </param>
            <param index="1">
              <value>
                <![CDATA[854201156400300]]>
              </value>
            </param>
          </params>
          <reporter-output>
          </reporter-output>
        </test-method> <!-- IDRSDownload -->
        <test-method status="PASS" signature="IDRSDownload(java.lang.String, java.lang.String)[pri:0, instance:com.internetBanking.testcases.IDRS_Download@2641e737]" name="IDRSDownload" duration-ms="60200" started-at="2020-07-17T13:54:42 IST" data-provider="LoginData" finished-at="2020-07-17T13:55:43 IST">
          <params>
            <param index="0">
              <value>
                <![CDATA[4]]>
              </value>
            </param>
            <param index="1">
              <value>
                <![CDATA[854201471699100]]>
              </value>
            </param>
          </params>
          <reporter-output>
          </reporter-output>
        </test-method> <!-- IDRSDownload -->
        <test-method status="PASS" signature="IDRSDownload(java.lang.String, java.lang.String)[pri:0, instance:com.internetBanking.testcases.IDRS_Download@2641e737]" name="IDRSDownload" duration-ms="86286" started-at="2020-07-17T13:55:43 IST" data-provider="LoginData" finished-at="2020-07-17T13:57:09 IST">
          <params>
            <param index="0">
              <value>
                <![CDATA[5]]>
              </value>
            </param>
            <param index="1">
              <value>
                <![CDATA[854201471699000]]>
              </value>
            </param>
          </params>
          <reporter-output>
          </reporter-output>
        </test-method> <!-- IDRSDownload -->
        <test-method status="PASS" signature="TearDown()[pri:0, instance:com.internetBanking.testcases.IDRS_Download@2641e737]" name="TearDown" is-config="true" duration-ms="82086" started-at="2020-07-17T13:57:09 IST" finished-at="2020-07-17T13:58:31 IST">
          <reporter-output>
          </reporter-output>
        </test-method> <!-- TearDown -->
      </class> <!-- com.internetBanking.testcases.IDRS_Download -->
    </test> <!-- IDRSDownloadTest -->
  </suite> <!-- Suite -->
</testng-results>
