<?xml version="1.0" encoding="UTF-8"?>
<testsuite xmlns:xsi="http://www.w3.org/2001/XMLSchema-instance" xsi:noNamespaceSchemaLocation="https://maven.apache.org/surefire/maven-surefire-plugin/xsd/surefire-test-report-3.0.xsd" version="3.0" name="TestSuite" time="191.617" tests="7" errors="0" skipped="0" failures="2">
  <properties>
[...]
</properties>
  <testcase name="loginTest" classname="com.internetBanking.testcases.LoginTest" time="24.13"/>
  <testcase name="logindataproviderTest" classname="com.internetBanking.testcases.LoginTestDataDrivenTest" time="5.711">
    <failure message="Title is mismatched expected [Guru99 Bank Manager HomePage] but found [Guru99 Bank Home Page]" type="java.lang.AssertionError">java.lang.AssertionError: Title is mismatched expected [Guru99 Bank Manager HomePage] but found [Guru99 Bank Home Page]
	at com.internetBanking.testcases.LoginTestDataDrivenTest.logindataproviderTest(LoginTestDataDrivenTest.java:53)
</failure>
    <system-out><![CDATA[Column count2
row count5
INFO  InternetBanking - successfully passed login name
INFO  InternetBanking - successfully passed password
INFO  InternetBanking - successfully clicked login button
ERROR InternetBanking - Username or password is invalid - Alert found
]]></system-out>
    <system-err><![CDATA[Starting ChromeDriver 79.0.3945.36 (3582db32b33893869b8c1339e8f4d9ed1816f143-refs/branch-heads/3945@{#614}) on port 38378
Only local connections are allowed.
Please protect ports used by ChromeDriver and related test frameworks to prevent access by malicious code.
Dec 29, 2019 9:28:40 AM org.openqa.selenium.remote.ProtocolHandshake createSession
INFO: Detected dialect: W3C
]]></system-err>
  </testcase>
  <testcase name="logindataproviderTest" classname="com.internetBanking.testcases.LoginTestDataDrivenTest" time="8.189"/>
  <testcase name="logindataproviderTest" classname="com.internetBanking.testcases.LoginTestDataDrivenTest" time="8.752"/>
  <testcase name="logindataproviderTest" classname="com.internetBanking.testcases.LoginTestDataDrivenTest" time="5.825">
    <failure message="Title is mismatched expected [Guru99 Bank Manager HomePage] but found [Guru99 Bank Home Page]" type="java.lang.AssertionError">java.lang.AssertionError: Title is mismatched expected [Guru99 Bank Manager HomePage] but found [Guru99 Bank Home Page]
	at com.internetBanking.testcases.LoginTestDataDrivenTest.logindataproviderTest(LoginTestDataDrivenTest.java:53)
</failure>
    <system-out><![CDATA[INFO  InternetBanking - successfully passed login name
INFO  InternetBanking - successfully passed password
INFO  InternetBanking - successfully clicked login button
ERROR InternetBanking - Username or password is invalid - Alert found
]]></system-out>
  </testcase>
  <testcase name="logindataproviderTest" classname="com.internetBanking.testcases.LoginTestDataDrivenTest" time="5.402"/>
  <testcase name="newCustomerTest" classname="com.internetBanking.testcases.NewCustomerTest" time="30.675"/>
</testsuite>