<?xml version="1.0" encoding="UTF-8"?>
<testsuite xmlns:xsi="http://www.w3.org/2001/XMLSchema-instance" xsi:noNamespaceSchemaLocation="https://maven.apache.org/surefire/maven-surefire-plugin/xsd/surefire-test-report-3.0.xsd" version="3.0" name="TestSuite" time="132.433" tests="7" errors="0" skipped="0" failures="2">
  <properties>
[...]
</properties>
  <testcase name="loginTest" classname="com.internetBanking.testcases.LoginTest" time="1.797"/>
  <testcase name="logindataproviderTest" classname="com.internetBanking.testcases.LoginTestDataDrivenTest" time="4.791">
    <failure message="Title is mismatched expected [Guru99 Bank Manager HomePage] but found [Guru99 Bank Home Page]" type="java.lang.AssertionError">java.lang.AssertionError: Title is mismatched expected [Guru99 Bank Manager HomePage] but found [Guru99 Bank Home Page]
	at com.internetBanking.testcases.LoginTestDataDrivenTest.logindataproviderTest(LoginTestDataDrivenTest.java:53)
</failure>
    <system-out><![CDATA[Column count2
row count5
INFO  InternetBanking - successfully passed login name
INFO  InternetBanking - successfully passed password
INFO  InternetBanking - successfully clicked login button
ERROR InternetBanking - Username or password is invalid - Alert found
]]></system-out>
    <system-err><![CDATA[Starting ChromeDriver 78.0.3904.70 (edb9c9f3de0247fd912a77b7f6cae7447f6d3ad5-refs/branch-heads/3904@{#800}) on port 41464
Only local connections are allowed.
Please protect ports used by ChromeDriver and related test frameworks to prevent access by malicious code.
[1577538186.208][WARNING]: This version of ChromeDriver has not been tested with Chrome version 79.
Dec 28, 2019 6:33:07 PM org.openqa.selenium.remote.ProtocolHandshake createSession
INFO: Detected dialect: W3C
]]></system-err>
  </testcase>
  <testcase name="logindataproviderTest" classname="com.internetBanking.testcases.LoginTestDataDrivenTest" time="2.712"/>
  <testcase name="logindataproviderTest" classname="com.internetBanking.testcases.LoginTestDataDrivenTest" time="6.433"/>
  <testcase name="logindataproviderTest" classname="com.internetBanking.testcases.LoginTestDataDrivenTest" time="18.934">
    <failure message="Title is mismatched expected [Guru99 Bank Manager HomePage] but found [Guru99 Bank Home Page]" type="java.lang.AssertionError">java.lang.AssertionError: Title is mismatched expected [Guru99 Bank Manager HomePage] but found [Guru99 Bank Home Page]
	at com.internetBanking.testcases.LoginTestDataDrivenTest.logindataproviderTest(LoginTestDataDrivenTest.java:53)
</failure>
    <system-out><![CDATA[INFO  InternetBanking - successfully passed login name
INFO  InternetBanking - successfully passed password
INFO  InternetBanking - successfully clicked login button
ERROR InternetBanking - Username or password is invalid - Alert found
]]></system-out>
  </testcase>
  <testcase name="logindataproviderTest" classname="com.internetBanking.testcases.LoginTestDataDrivenTest" time="4.087"/>
  <testcase name="newCustomerTest" classname="com.internetBanking.testcases.NewCustomerTest" time="46.773"/>
</testsuite>