<?xml version="1.0" encoding="UTF-8"?>
<testng-results ignored="0" total="1" passed="1" failed="0" skipped="0">
  <reporter-output>
  </reporter-output>
  <suite started-at="2019-12-29T21:55:53 IST" name="Default suite" finished-at="2019-12-29T21:58:00 IST" duration-ms="127420">
    <groups>
    </groups>
    <test started-at="2019-12-29T21:55:53 IST" name="Default test" finished-at="2019-12-29T21:58:00 IST" duration-ms="127420">
      <class name="com.internetBanking.testcases.LoginTest">
        <test-method is-config="true" signature="creatingReport()[pri:0, instance:com.internetBanking.testcases.LoginTest@43301423]" started-at="2019-12-29T21:55:51 IST" name="creatingReport" finished-at="2019-12-29T21:55:53 IST" duration-ms="1565" status="PASS">
          <reporter-output>
          </reporter-output>
        </test-method> <!-- creatingReport -->
        <test-method is-config="true" signature="setup()[pri:0, instance:com.internetBanking.testcases.LoginTest@43301423]" started-at="2019-12-29T21:55:53 IST" name="setup" finished-at="2019-12-29T21:57:31 IST" duration-ms="98386" status="PASS">
          <reporter-output>
          </reporter-output>
        </test-method> <!-- setup -->
        <test-method signature="loginTest()[pri:0, instance:com.internetBanking.testcases.LoginTest@43301423]" started-at="2019-12-29T21:57:31 IST" name="loginTest" finished-at="2019-12-29T21:57:59 IST" duration-ms="28132" status="PASS">
          <reporter-output>
          </reporter-output>
        </test-method> <!-- loginTest -->
        <test-method is-config="true" signature="tearDown()[pri:0, instance:com.internetBanking.testcases.LoginTest@43301423]" started-at="2019-12-29T21:57:59 IST" name="tearDown" finished-at="2019-12-29T21:58:00 IST" duration-ms="709" status="PASS">
          <reporter-output>
          </reporter-output>
        </test-method> <!-- tearDown -->
        <test-method is-config="true" signature="flushingReport()[pri:0, instance:com.internetBanking.testcases.LoginTest@43301423]" started-at="2019-12-29T21:58:01 IST" name="flushingReport" finished-at="2019-12-29T21:58:01 IST" duration-ms="33" status="PASS">
          <reporter-output>
          </reporter-output>
        </test-method> <!-- flushingReport -->
      </class> <!-- com.internetBanking.testcases.LoginTest -->
    </test> <!-- Default test -->
  </suite> <!-- Default suite -->
</testng-results>
